./backend-rss-after.txt: OK
./backend.pid: OK
./backend.stderr.log: OK
./backend.stdout.log: OK
./cargo-build.stderr.log: OK
./cargo-build.stdout.log: OK
./frontend-build.stderr.log: OK
./frontend-build.stdout.log: OK
./frontend-preview.stderr.log: OK
./frontend-preview.stdout.log: OK
./frontend-ready.html: OK
./frontend.pid: OK
./health-ready.json: OK
./manifest.json: OK
./model-promotion.exit: OK
./model-promotion.stderr.log: OK
./model-promotion.stdout.log: OK
./npm-ci.stderr.log: OK
./npm-ci.stdout.log: OK
./repo-head.status: OK
./smoke/capabilities.json: OK
./smoke/chat.request.json: OK
./smoke/chat.response.json: OK
./smoke/completion.request.json: OK
./smoke/completion.response.json: OK
./smoke/current-model.json: OK
./smoke/frontend.command.txt: OK
./smoke/frontend.stderr.log: OK
./smoke/frontend.stdout.log: OK
./smoke/frontend.summary.json: OK
./smoke/generation-timings.command.txt: OK
./smoke/generation-timings.run.json: OK
./smoke/generation-timings.stderr.log: OK
./smoke/generation-timings.stdout.log: OK
./smoke/generation-timings.summary.json: OK
./smoke/health-after.json: OK
./smoke/health-before.json: OK
./smoke/load.request.json: OK
./smoke/load.response.json: OK
./smoke/summary.json: OK
./smoke/v1-models.json: OK
