   Compiling proc-macro2 v1.0.106
   Compiling quote v1.0.45
   Compiling unicode-ident v1.0.24
   Compiling libc v0.2.186
   Compiling pin-project-lite v0.2.17
   Compiling itoa v1.0.18
   Compiling futures-core v0.3.32
   Compiling once_cell v1.21.4
   Compiling bytes v1.11.1
   Compiling serde_core v1.0.228
   Compiling log v0.4.29
   Compiling crossbeam-utils v0.8.21
   Compiling tower-service v0.3.3
   Compiling httparse v1.10.1
   Compiling utf8parse v0.2.2
   Compiling cfg-if v1.0.4
   Compiling smallvec v1.15.1
   Compiling futures-task v0.3.32
   Compiling serde v1.0.228
   Compiling slab v0.4.12
   Compiling rustversion v1.0.22
   Compiling zmij v1.0.21
   Compiling tracing-core v0.1.36
   Compiling tower-layer v0.3.3
   Compiling futures-util v0.3.32
   Compiling futures-channel v0.3.32
   Compiling anstyle-parse v1.0.0
   Compiling percent-encoding v2.3.2
   Compiling atomic-waker v1.1.2
   Compiling regex-syntax v0.8.10
   Compiling anstyle v1.0.14
   Compiling httpdate v1.0.3
   Compiling sync_wrapper v1.0.2
   Compiling is_terminal_polyfill v1.70.2
   Compiling getrandom v0.4.2
   Compiling serde_json v1.0.149
   Compiling colorchoice v1.0.5
   Compiling rayon-core v1.13.0
   Compiling anstyle-query v1.1.5
   Compiling form_urlencoded v1.2.2
   Compiling anstream v1.0.0
   Compiling strsim v0.11.1
   Compiling mime v0.3.17
   Compiling http v1.4.0
   Compiling crossbeam-epoch v0.9.18
   Compiling syn v2.0.117
   Compiling heck v0.5.0
   Compiling lazy_static v1.5.0
   Compiling clap_lex v1.1.0
   Compiling memchr v2.8.0
   Compiling thiserror v1.0.69
   Compiling ryu v1.0.23
   Compiling crossbeam-deque v0.8.6
   Compiling anyhow v1.0.102
   Compiling clap_builder v4.6.0
   Compiling sharded-slab v0.1.7
   Compiling tracing-log v0.2.0
   Compiling errno v0.3.14
   Compiling socket2 v0.6.3
   Compiling mio v1.2.0
   Compiling signal-hook-registry v1.4.8
   Compiling thread_local v1.1.9
   Compiling bitflags v2.11.1
   Compiling http-body v1.0.1
   Compiling http-body-util v0.1.3
   Compiling regex-automata v0.4.14
   Compiling matchit v0.7.3
   Compiling either v1.15.0
   Compiling nu-ansi-term v0.50.3
   Compiling rayon v1.12.0
   Compiling serde_path_to_error v0.1.20
   Compiling uuid v1.23.1
   Compiling matchers v0.2.0
   Compiling tracing-attributes v0.1.31
   Compiling tokio-macros v2.7.0
   Compiling serde_derive v1.0.228
   Compiling async-trait v0.1.89
   Compiling clap_derive v4.6.1
   Compiling thiserror-impl v1.0.69
   Compiling async-stream-impl v0.3.6
   Compiling tokio v1.52.3
   Compiling async-stream v0.3.6
   Compiling tracing v0.1.44
   Compiling axum-core v0.4.5
   Compiling tracing-subscriber v0.3.23
   Compiling tower-http v0.5.2
   Compiling clap v4.6.1
   Compiling serde_urlencoded v0.7.1
   Compiling hyper v1.9.0
   Compiling tower v0.5.3
   Compiling hyper-util v0.1.20
   Compiling axum v0.7.9
   Compiling camelid v0.1.0 ($CAMELID_WORKTREE
    Finished `release` profile [optimized] target(s) in 20.31s
	Command being timed: "cargo build --release"
	User time (seconds): 144.56
	System time (seconds): 7.41
	Percent of CPU this job got: 746%
	Elapsed (wall clock) time (h:mm:ss or m:ss): 0:20.34
	Average shared text size (kbytes): 0
	Average unshared data size (kbytes): 0
	Average stack size (kbytes): 0
	Average total size (kbytes): 0
	Maximum resident set size (kbytes): 663904
	Average resident set size (kbytes): 0
	Major (requiring I/O) page faults: 9
	Minor (reclaiming a frame) page faults: 2825879
	Voluntary context switches: 5823
	Involuntary context switches: 5583
	Swaps: 0
	File system inputs: 16
	File system outputs: 633584
	Socket messages sent: 0
	Socket messages received: 0
	Signals delivered: 0
	Page size (bytes): 4096
	Exit status: 0
